<?xml version="1.0" encoding="UTF-8"?>
<testng-results skipped="0" failed="0" ignored="0" total="1" passed="1">
  <reporter-output>
  </reporter-output>
  <suite name="Default suite" duration-ms="7962" started-at="2023-01-28T08:20:10 EST" finished-at="2023-01-28T08:20:18 EST">
    <groups>
    </groups>
    <test name="Default test" duration-ms="7962" started-at="2023-01-28T08:20:10 EST" finished-at="2023-01-28T08:20:18 EST">
      <class name="test.AddCustomersTest">
        <test-method status="PASS" signature="userShouldBeAbleToAddCustomers()[pri:0, instance:test.AddCustomersTest@1d29cf23]" name="userShouldBeAbleToAddCustomers" duration-ms="7921" started-at="2023-01-28T08:20:10 EST" finished-at="2023-01-28T08:20:18 EST">
          <reporter-output>
          </reporter-output>
        </test-method> <!-- userShouldBeAbleToAddCustomers -->
      </class> <!-- test.AddCustomersTest -->
    </test> <!-- Default test -->
  </suite> <!-- Default suite -->
</testng-results>
